# JRE version: Java(TM) SE Runtime Environment (8.0-b132) (build 1.8.0-b132)
# Java VM: Java HotSpot(TM) 64-Bit Server VM (25.0-b70 mixed mode windows-amd64 compressed oops)
Heap:
 PSYoungGen      total 9728K, used 3633K [0x00000000eab00000, 0x00000000ec080000, 0x0000000100000000)
  eden space 7680K, 46% used [0x00000000eab00000,0x00000000eae747a0,0x00000000eb280000)
  from space 2048K, 4% used [0x00000000eb600000,0x00000000eb618000,0x00000000eb800000)
  to   space 3584K, 0% used [0x00000000eb280000,0x00000000eb280000,0x00000000eb600000)
 ParOldGen       total 195072K, used 19949K [0x00000000c0000000, 0x00000000cbe80000, 0x00000000eab00000)
  object space 195072K, 10% used [0x00000000c0000000,0x00000000c137b780,0x00000000cbe80000)
 Metaspace       used 6771K, capacity 7608K, committed 7680K, reserved 1056768K
  class space    used 700K, capacity 752K, committed 768K, reserved 1048576K
GC Heap History (10 events):
Event: 0.648 GC heap before
{Heap before GC invocations=12 (full 0):
 PSYoungGen      total 7680K, used 7070K [0x00000000eab00000, 0x00000000eb800000, 0x0000000100000000)
  eden space 5632K, 100% used [0x00000000eab00000,0x00000000eb080000,0x00000000eb080000)
  from space 2048K, 70% used [0x00000000eb080000,0x00000000eb1e7a60,0x00000000eb280000)
  to   space 2048K, 0% used [0x00000000eb600000,0x00000000eb600000,0x00000000eb800000)
 ParOldGen       total 195072K, used 3315K [0x00000000c0000000, 0x00000000cbe80000, 0x00000000eab00000)
  object space 195072K, 1% used [0x00000000c0000000,0x00000000c033cc38,0x00000000cbe80000)
 Metaspace       used 5583K, capacity 6896K, committed 7040K, reserved 1056768K
  class space    used 570K, capacity 616K, committed 640K, reserved 1048576K
Event: 0.652 GC heap after
Heap after GC invocations=12 (full 0):
 PSYoungGen      total 11264K, used 1682K [0x00000000eab00000, 0x00000000eb800000, 0x0000000100000000)
  eden space 9216K, 0% used [0x00000000eab00000,0x00000000eab00000,0x00000000eb400000)
  from space 2048K, 82% used [0x00000000eb600000,0x00000000eb7a49f8,0x00000000eb800000)
  to   space 2048K, 0% used [0x00000000eb400000,0x00000000eb400000,0x00000000eb600000)
 ParOldGen       total 195072K, used 4090K [0x00000000c0000000, 0x00000000cbe80000, 0x00000000eab00000)
  object space 195072K, 2% used [0x00000000c0000000,0x00000000c03febb0,0x00000000cbe80000)
 Metaspace       used 5583K, capacity 6896K, committed 7040K, reserved 1056768K
  class space    used 570K, capacity 616K, committed 640K, reserved 1048576K
}
Event: 0.804 GC heap before
{Heap before GC invocations=13 (full 0):
 PSYoungGen      total 11264K, used 10898K [0x00000000eab00000, 0x00000000eb800000, 0x0000000100000000)
  eden space 9216K, 100% used [0x00000000eab00000,0x00000000eb400000,0x00000000eb400000)
  from space 2048K, 82% used [0x00000000eb600000,0x00000000eb7a49f8,0x00000000eb800000)
  to   space 2048K, 0% used [0x00000000eb400000,0x00000000eb400000,0x00000000eb600000)
 ParOldGen       total 195072K, used 4090K [0x00000000c0000000, 0x00000000cbe80000, 0x00000000eab00000)
  object space 195072K, 2% used [0x00000000c0000000,0x00000000c03febb0,0x00000000cbe80000)
 Metaspace       used 6712K, capacity 7608K, committed 7680K, reserved 1056768K
  class space    used 700K, capacity 752K, committed 768K, reserved 1048576K
Event: 0.807 GC heap after
Heap after GC invocations=13 (full 0):
 PSYoungGen      total 11264K, used 2017K [0x00000000eab00000, 0x00000000eb800000, 0x0000000100000000)
  eden space 9216K, 0% used [0x00000000eab00000,0x00000000eab00000,0x00000000eb400000)
  from space 2048K, 98% used [0x00000000eb400000,0x00000000eb5f8668,0x00000000eb600000)
  to   space 2048K, 0% used [0x00000000eb600000,0x00000000eb600000,0x00000000eb800000)
 ParOldGen       total 195072K, used 7553K [0x00000000c0000000, 0x00000000cbe80000, 0x00000000eab00000)
  object space 195072K, 3% used [0x00000000c0000000,0x00000000c07604b8,0x00000000cbe80000)
 Metaspace       used 6712K, capacity 7608K, committed 7680K, reserved 1056768K
  class space    used 700K, capacity 752K, committed 768K, reserved 1048576K
}
Event: 0.861 GC heap before
{Heap before GC invocations=14 (full 0):
 PSYoungGen      total 11264K, used 10516K [0x00000000eab00000, 0x00000000eb800000, 0x0000000100000000)
  eden space 9216K, 92% used [0x00000000eab00000,0x00000000eb34cbc0,0x00000000eb400000)
  from space 2048K, 98% used [0x00000000eb400000,0x00000000eb5f8668,0x00000000eb600000)
  to   space 2048K, 0% used [0x00000000eb600000,0x00000000eb600000,0x00000000eb800000)
 ParOldGen       total 195072K, used 7553K [0x00000000c0000000, 0x00000000cbe80000, 0x00000000eab00000)
  object space 195072K, 3% used [0x00000000c0000000,0x00000000c07604b8,0x00000000cbe80000)
 Metaspace       used 6745K, capacity 7608K, committed 7680K, reserved 1056768K
  class space    used 700K, capacity 752K, committed 768K, reserved 1048576K
Event: 0.862 GC heap after
Heap after GC invocations=14 (full 0):
 PSYoungGen      total 11264K, used 128K [0x00000000eab00000, 0x00000000eb800000, 0x0000000100000000)
  eden space 9216K, 0% used [0x00000000eab00000,0x00000000eab00000,0x00000000eb400000)
  from space 2048K, 6% used [0x00000000eb600000,0x00000000eb620000,0x00000000eb800000)
  to   space 2048K, 0% used [0x00000000eb400000,0x00000000eb400000,0x00000000eb600000)
 ParOldGen       total 195072K, used 9816K [0x00000000c0000000, 0x00000000cbe80000, 0x00000000eab00000)
  object space 195072K, 5% used [0x00000000c0000000,0x00000000c0996078,0x00000000cbe80000)
 Metaspace       used 6745K, capacity 7608K, committed 7680K, reserved 1056768K
  class space    used 700K, capacity 752K, committed 768K, reserved 1048576K
}
Event: 0.887 GC heap before
{Heap before GC invocations=15 (full 0):
 PSYoungGen      total 11264K, used 9344K [0x00000000eab00000, 0x00000000eb800000, 0x0000000100000000)
  eden space 9216K, 100% used [0x00000000eab00000,0x00000000eb400000,0x00000000eb400000)
  from space 2048K, 6% used [0x00000000eb600000,0x00000000eb620000,0x00000000eb800000)
  to   space 2048K, 0% used [0x00000000eb400000,0x00000000eb400000,0x00000000eb600000)
 ParOldGen       total 195072K, used 9816K [0x00000000c0000000, 0x00000000cbe80000, 0x00000000eab00000)
  object space 195072K, 5% used [0x00000000c0000000,0x00000000c0996078,0x00000000cbe80000)
 Metaspace       used 6758K, capacity 7608K, committed 7680K, reserved 1056768K
  class space    used 700K, capacity 752K, committed 768K, reserved 1048576K
Event: 0.889 GC heap after
Heap after GC invocations=15 (full 0):
 PSYoungGen      total 11264K, used 1641K [0x00000000eab00000, 0x00000000eb800000, 0x0000000100000000)
  eden space 9216K, 0% used [0x00000000eab00000,0x00000000eab00000,0x00000000eb400000)
  from space 2048K, 80% used [0x00000000eb400000,0x00000000eb59a4a0,0x00000000eb600000)
  to   space 2048K, 0% used [0x00000000eb600000,0x00000000eb600000,0x00000000eb800000)
 ParOldGen       total 195072K, used 18367K [0x00000000c0000000, 0x00000000cbe80000, 0x00000000eab00000)
  object space 195072K, 9% used [0x00000000c0000000,0x00000000c11efcf8,0x00000000cbe80000)
 Metaspace       used 6758K, capacity 7608K, committed 7680K, reserved 1056768K
  class space    used 700K, capacity 752K, committed 768K, reserved 1048576K
}
Event: 0.915 GC heap before
{Heap before GC invocations=16 (full 0):
 PSYoungGen      total 11264K, used 10857K [0x00000000eab00000, 0x00000000eb800000, 0x0000000100000000)
  eden space 9216K, 100% used [0x00000000eab00000,0x00000000eb400000,0x00000000eb400000)
  from space 2048K, 80% used [0x00000000eb400000,0x00000000eb59a4a0,0x00000000eb600000)
  to   space 2048K, 0% used [0x00000000eb600000,0x00000000eb600000,0x00000000eb800000)
 ParOldGen       total 195072K, used 18367K [0x00000000c0000000, 0x00000000cbe80000, 0x00000000eab00000)
  object space 195072K, 9% used [0x00000000c0000000,0x00000000c11efcf8,0x00000000cbe80000)
 Metaspace       used 6766K, capacity 7608K, committed 7680K, reserved 1056768K
  class space    used 700K, capacity 752K, committed 768K, reserved 1048576K
Event: 0.916 GC heap after
Heap after GC invocations=16 (full 0):
 PSYoungGen      total 9728K, used 96K [0x00000000eab00000, 0x00000000ec080000, 0x0000000100000000)
  eden space 7680K, 0% used [0x00000000eab00000,0x00000000eab00000,0x00000000eb280000)
  from space 2048K, 4% used [0x00000000eb600000,0x00000000eb618000,0x00000000eb800000)
  to   space 3584K, 0% used [0x00000000eb280000,0x00000000eb280000,0x00000000eb600000)
 ParOldGen       total 195072K, used 19949K [0x00000000c0000000, 0x00000000cbe80000, 0x00000000eab00000)
  object space 195072K, 10% used [0x00000000c0000000,0x00000000c137b780,0x00000000cbe80000)
 Metaspace       used 6766K, capacity 7608K, committed 7680K, reserved 1056768K
  class space    used 700K, capacity 752K, committed 768K, reserved 1048576K
}

